# JRE version: Java(TM) SE Runtime Environment (8.0_151-b12) (build 1.8.0_151-b12)
# Java VM: Java HotSpot(TM) 64-Bit Server VM (25.151-b12 mixed mode windows-amd64 compressed oops)
Heap:
 PSYoungGen      total 22016K, used 12658K [0x00000000eb180000, 0x00000000ecd80000, 0x0000000100000000)
  eden space 16384K, 75% used [0x00000000eb180000,0x00000000ebda7718,0x00000000ec180000)
  from space 5632K, 3% used [0x00000000ec800000,0x00000000ec8354d0,0x00000000ecd80000)
  to   space 6144K, 0% used [0x00000000ec180000,0x00000000ec180000,0x00000000ec780000)
 ParOldGen       total 44032K, used 6441K [0x00000000c1400000, 0x00000000c3f00000, 0x00000000eb180000)
  object space 44032K, 14% used [0x00000000c1400000,0x00000000c1a4a588,0x00000000c3f00000)
 Metaspace       used 10644K, capacity 10904K, committed 11136K, reserved 1058816K
  class space    used 1301K, capacity 1390K, committed 1408K, reserved 1048576K
GC Heap History (10 events):
Event: 162.048 GC heap before
{Heap before GC invocations=6 (full 0):
 PSYoungGen      total 18944K, used 18943K [0x00000000eb180000, 0x00000000ecd80000, 0x0000000100000000)
  eden space 16384K, 100% used [0x00000000eb180000,0x00000000ec180000,0x00000000ec180000)
  from space 2560K, 99% used [0x00000000ec180000,0x00000000ec3ffef8,0x00000000ec400000)
  to   space 6144K, 0% used [0x00000000ec780000,0x00000000ec780000,0x00000000ecd80000)
 ParOldGen       total 44032K, used 3954K [0x00000000c1400000, 0x00000000c3f00000, 0x00000000eb180000)
  object space 44032K, 8% used [0x00000000c1400000,0x00000000c17dc800,0x00000000c3f00000)
 Metaspace       used 10629K, capacity 10904K, committed 11136K, reserved 1058816K
  class space    used 1301K, capacity 1390K, committed 1408K, reserved 1048576K
Event: 162.052 GC heap after
Heap after GC invocations=6 (full 0):
 PSYoungGen      total 22528K, used 2591K [0x00000000eb180000, 0x00000000ecd80000, 0x0000000100000000)
  eden space 16384K, 0% used [0x00000000eb180000,0x00000000eb180000,0x00000000ec180000)
  from space 6144K, 42% used [0x00000000ec780000,0x00000000eca07ef8,0x00000000ecd80000)
  to   space 6144K, 0% used [0x00000000ec180000,0x00000000ec180000,0x00000000ec780000)
 ParOldGen       total 44032K, used 3954K [0x00000000c1400000, 0x00000000c3f00000, 0x00000000eb180000)
  object space 44032K, 8% used [0x00000000c1400000,0x00000000c17dc800,0x00000000c3f00000)
 Metaspace       used 10629K, capacity 10904K, committed 11136K, reserved 1058816K
  class space    used 1301K, capacity 1390K, committed 1408K, reserved 1048576K
}
Event: 198.372 GC heap before
{Heap before GC invocations=7 (full 0):
 PSYoungGen      total 22528K, used 18975K [0x00000000eb180000, 0x00000000ecd80000, 0x0000000100000000)
  eden space 16384K, 100% used [0x00000000eb180000,0x00000000ec180000,0x00000000ec180000)
  from space 6144K, 42% used [0x00000000ec780000,0x00000000eca07ef8,0x00000000ecd80000)
  to   space 6144K, 0% used [0x00000000ec180000,0x00000000ec180000,0x00000000ec780000)
 ParOldGen       total 44032K, used 3954K [0x00000000c1400000, 0x00000000c3f00000, 0x00000000eb180000)
  object space 44032K, 8% used [0x00000000c1400000,0x00000000c17dc800,0x00000000c3f00000)
 Metaspace       used 10630K, capacity 10904K, committed 11136K, reserved 1058816K
  class space    used 1301K, capacity 1390K, committed 1408K, reserved 1048576K
Event: 198.375 GC heap after
Heap after GC invocations=7 (full 0):
 PSYoungGen      total 22528K, used 181K [0x00000000eb180000, 0x00000000ecd80000, 0x0000000100000000)
  eden space 16384K, 0% used [0x00000000eb180000,0x00000000eb180000,0x00000000ec180000)
  from space 6144K, 2% used [0x00000000ec180000,0x00000000ec1ad4d0,0x00000000ec780000)
  to   space 6144K, 0% used [0x00000000ec780000,0x00000000ec780000,0x00000000ecd80000)
 ParOldGen       total 44032K, used 6385K [0x00000000c1400000, 0x00000000c3f00000, 0x00000000eb180000)
  object space 44032K, 14% used [0x00000000c1400000,0x00000000c1a3c588,0x00000000c3f00000)
 Metaspace       used 10630K, capacity 10904K, committed 11136K, reserved 1058816K
  class space    used 1301K, capacity 1390K, committed 1408K, reserved 1048576K
}
Event: 234.774 GC heap before
{Heap before GC invocations=8 (full 0):
 PSYoungGen      total 22528K, used 16565K [0x00000000eb180000, 0x00000000ecd80000, 0x0000000100000000)
  eden space 16384K, 100% used [0x00000000eb180000,0x00000000ec180000,0x00000000ec180000)
  from space 6144K, 2% used [0x00000000ec180000,0x00000000ec1ad4d0,0x00000000ec780000)
  to   space 6144K, 0% used [0x00000000ec780000,0x00000000ec780000,0x00000000ecd80000)
 ParOldGen       total 44032K, used 6385K [0x00000000c1400000, 0x00000000c3f00000, 0x00000000eb180000)
  object space 44032K, 14% used [0x00000000c1400000,0x00000000c1a3c588,0x00000000c3f00000)
 Metaspace       used 10630K, capacity 10904K, committed 11136K, reserved 1058816K
  class space    used 1301K, capacity 1390K, committed 1408K, reserved 1048576K
Event: 234.775 GC heap after
Heap after GC invocations=8 (full 0):
 PSYoungGen      total 22528K, used 245K [0x00000000eb180000, 0x00000000ecd80000, 0x0000000100000000)
  eden space 16384K, 0% used [0x00000000eb180000,0x00000000eb180000,0x00000000ec180000)
  from space 6144K, 3% used [0x00000000ec780000,0x00000000ec7bd4d0,0x00000000ecd80000)
  to   space 6144K, 0% used [0x00000000ec180000,0x00000000ec180000,0x00000000ec780000)
 ParOldGen       total 44032K, used 6409K [0x00000000c1400000, 0x00000000c3f00000, 0x00000000eb180000)
  object space 44032K, 14% used [0x00000000c1400000,0x00000000c1a42588,0x00000000c3f00000)
 Metaspace       used 10630K, capacity 10904K, committed 11136K, reserved 1058816K
  class space    used 1301K, capacity 1390K, committed 1408K, reserved 1048576K
}
Event: 271.140 GC heap before
{Heap before GC invocations=9 (full 0):
 PSYoungGen      total 22528K, used 16629K [0x00000000eb180000, 0x00000000ecd80000, 0x0000000100000000)
  eden space 16384K, 100% used [0x00000000eb180000,0x00000000ec180000,0x00000000ec180000)
  from space 6144K, 3% used [0x00000000ec780000,0x00000000ec7bd4d0,0x00000000ecd80000)
  to   space 6144K, 0% used [0x00000000ec180000,0x00000000ec180000,0x00000000ec780000)
 ParOldGen       total 44032K, used 6409K [0x00000000c1400000, 0x00000000c3f00000, 0x00000000eb180000)
  object space 44032K, 14% used [0x00000000c1400000,0x00000000c1a42588,0x00000000c3f00000)
 Metaspace       used 10630K, capacity 10904K, committed 11136K, reserved 1058816K
  class space    used 1301K, capacity 1390K, committed 1408K, reserved 1048576K
Event: 271.141 GC heap after
Heap after GC invocations=9 (full 0):
 PSYoungGen      total 22528K, used 149K [0x00000000eb180000, 0x00000000ece80000, 0x0000000100000000)
  eden space 16384K, 0% used [0x00000000eb180000,0x00000000eb180000,0x00000000ec180000)
  from space 6144K, 2% used [0x00000000ec180000,0x00000000ec1a54d0,0x00000000ec780000)
  to   space 6656K, 0% used [0x00000000ec800000,0x00000000ec800000,0x00000000ece80000)
 ParOldGen       total 44032K, used 6417K [0x00000000c1400000, 0x00000000c3f00000, 0x00000000eb180000)
  object space 44032K, 14% used [0x00000000c1400000,0x00000000c1a44588,0x00000000c3f00000)
 Metaspace       used 10630K, capacity 10904K, committed 11136K, reserved 1058816K
  class space    used 1301K, capacity 1390K, committed 1408K, reserved 1048576K
}
Event: 307.471 GC heap before
{Heap before GC invocations=10 (full 0):
 PSYoungGen      total 22528K, used 16533K [0x00000000eb180000, 0x00000000ece80000, 0x0000000100000000)
  eden space 16384K, 100% used [0x00000000eb180000,0x00000000ec180000,0x00000000ec180000)
  from space 6144K, 2% used [0x00000000ec180000,0x00000000ec1a54d0,0x00000000ec780000)
  to   space 6656K, 0% used [0x00000000ec800000,0x00000000ec800000,0x00000000ece80000)
 ParOldGen       total 44032K, used 6417K [0x00000000c1400000, 0x00000000c3f00000, 0x00000000eb180000)
  object space 44032K, 14% used [0x00000000c1400000,0x00000000c1a44588,0x00000000c3f00000)
 Metaspace       used 10630K, capacity 10904K, committed 11136K, reserved 1058816K
  class space    used 1301K, capacity 1390K, committed 1408K, reserved 1048576K
Event: 307.471 GC heap after
Heap after GC invocations=10 (full 0):
 PSYoungGen      total 22016K, used 213K [0x00000000eb180000, 0x00000000ecd80000, 0x0000000100000000)
  eden space 16384K, 0% used [0x00000000eb180000,0x00000000eb180000,0x00000000ec180000)
  from space 5632K, 3% used [0x00000000ec800000,0x00000000ec8354d0,0x00000000ecd80000)
  to   space 6144K, 0% used [0x00000000ec180000,0x00000000ec180000,0x00000000ec780000)
 ParOldGen       total 44032K, used 6441K [0x00000000c1400000, 0x00000000c3f00000, 0x00000000eb180000)
  object space 44032K, 14% used [0x00000000c1400000,0x00000000c1a4a588,0x00000000c3f00000)
 Metaspace       used 10630K, capacity 10904K, committed 11136K, reserved 1058816K
  class space    used 1301K, capacity 1390K, committed 1408K, reserved 1048576K
}

